c:\users\sohyeon\source\repos\my first program\my first program\x64\debug\vc143.pdb
c:\users\sohyeon\source\repos\my first program\my first program\x64\debug\vc143.idb
c:\users\sohyeon\source\repos\my first program\my first program\x64\debug\my first program.obj
c:\users\sohyeon\source\repos\my first program\my first program\x64\debug\chapter4-5.obj
c:\users\sohyeon\source\repos\my first program\my first program\x64\debug\chapter4-4.obj
c:\users\sohyeon\source\repos\my first program\my first program\x64\debug\chapter4-3.obj
c:\users\sohyeon\source\repos\my first program\my first program\x64\debug\chapter4-3 thinking.obj
c:\users\sohyeon\source\repos\my first program\my first program\x64\debug\chapter4-1.obj
c:\users\sohyeon\source\repos\my first program\my first program\x64\debug\chapter3.obj
c:\users\sohyeon\source\repos\my first program\my first program\x64\debug\chapter2.obj
c:\users\sohyeon\source\repos\my first program\my first program\x64\debug\chapter4-2.obj
c:\users\sohyeon\source\repos\my first program\my first program\x64\debug\chapter4-2 thinking.obj
c:\users\sohyeon\source\repos\my first program\my first program\x64\debug\chapter4-1 thinking.obj
c:\users\sohyeon\source\repos\my first program\my first program\x64\debug\chapter4-2 thinking2.obj
c:\users\sohyeon\source\repos\my first program\my first program\x64\debug\chapter4-2 thinking1.obj
c:\users\sohyeon\source\repos\my first program\my first program\x64\debug\chapter5-1.obj
c:\users\sohyeon\source\repos\my first program\my first program\x64\debug\chapter4-6.obj
c:\users\sohyeon\source\repos\my first program\my first program\x64\debug\chapter5-2.obj
c:\users\sohyeon\source\repos\my first program\x64\debug\my first program.exe
c:\users\sohyeon\source\repos\my first program\my first program\x64\debug\my first program.ilk
c:\users\sohyeon\source\repos\my first program\x64\debug\my first program.pdb
c:\users\sohyeon\source\repos\my first program\my first program\x64\debug\chapter4.obj
c:\users\sohyeon\source\repos\my first program\my first program\x64\debug\hello.obj
c:\users\sohyeon\source\repos\my first program\my first program\x64\debug\my first program.tlog\cl.command.1.tlog
c:\users\sohyeon\source\repos\my first program\my first program\x64\debug\my first program.tlog\cl.read.1.tlog
c:\users\sohyeon\source\repos\my first program\my first program\x64\debug\my first program.tlog\cl.write.1.tlog
c:\users\sohyeon\source\repos\my first program\my first program\x64\debug\my first program.tlog\link.command.1.tlog
c:\users\sohyeon\source\repos\my first program\my first program\x64\debug\my first program.tlog\link.read.1.tlog
c:\users\sohyeon\source\repos\my first program\my first program\x64\debug\my first program.tlog\link.write.1.tlog
